<?xml version="1.0" encoding="UTF-8"?>
<!-- Generated by org.testng.reporters.JUnitReportReporter -->
<testsuite hostname="LAPTOP-EGPSQIKQ" failures="0" tests="6" name="new_commercial.testing" time="112.611" errors="0" timestamp="2022-11-18T12:10:58 IST" skipped="0">
  <testcase classname="new_commercial.testing" name="login" time="17.711"/>
  <system-out/>
  <testcase classname="new_commercial.testing" name="login" time="17.780"/>
  <system-out/>
  <testcase classname="new_commercial.testing" name="login" time="17.813"/>
  <system-out/>
  <testcase classname="new_commercial.testing" name="login" time="18.219"/>
  <system-out/>
  <testcase classname="new_commercial.testing" name="login" time="23.380"/>
  <system-out/>
  <testcase classname="new_commercial.testing" name="login" time="17.708"/>
  <system-out/>
</testsuite> <!-- new_commercial.testing -->
