<?xml version="1.0" encoding="UTF-8"?>
<!-- Generated by org.testng.reporters.JUnitReportReporter -->
<testsuite hostname="LAPTOP-EGPSQIKQ" failures="0" tests="5" name="new_commercial.DataProvider" time="50.550" errors="0" timestamp="2022-11-18T15:02:55 IST" skipped="0">
  <testcase classname="new_commercial.DataProvider" name="logintest" time="5.313"/>
  <system-out/>
  <testcase classname="new_commercial.DataProvider" name="logintest" time="22.300"/>
  <system-out/>
  <testcase classname="new_commercial.DataProvider" name="logintest" time="9.981"/>
  <system-out/>
  <testcase classname="new_commercial.DataProvider" name="logintest" time="3.669"/>
  <system-out/>
  <testcase classname="new_commercial.DataProvider" name="logintest" time="9.287"/>
  <system-out/>
</testsuite> <!-- new_commercial.DataProvider -->
